 
****************************************
Report : timing
        -path full
        -delay min
        -max_paths 1
Design : rrc_filter
Version: V-2023.12-SP5-4
Date   : Wed Jul 16 15:52:32 2025
****************************************

Operating Conditions: TT_0P80V_0P00V_0P00V_0P00V_25C   Library: GF22FDX_SC7P5T_116CPP_BASE_CSC20L_TT_0P80V_0P00V_0P00V_0P00V_25C
Wire Load Model Mode: enclosed

  Startpoint: shift_reg_out_reg_28__8_
              (rising edge-triggered flip-flop clocked by cnt_clk)
  Endpoint: shift_reg_out_reg_29__8_
            (rising edge-triggered flip-flop clocked by cnt_clk)
  Path Group: cnt_clk
  Path Type: min

  Point                                                   Incr       Path
  --------------------------------------------------------------------------
  clock cnt_clk (rise edge)                               0.00       0.00
  clock network delay (ideal)                             0.00       0.00
  shift_reg_out_reg_28__8_/CLK (SC7P5T_DFFRQX4_S_CSC20L)
                                                          0.00       0.00 r
  shift_reg_out_reg_28__8_/Q (SC7P5T_DFFRQX4_S_CSC20L)
                                                         47.04      47.04 f
  shift_reg_out_reg_29__8_/D (SC7P5T_DFFRQX1_AS_CSC20L)
                                                          0.00      47.04 f
  data arrival time                                                 47.04

  clock cnt_clk (rise edge)                               0.00       0.00
  clock network delay (ideal)                             0.00       0.00
  clock uncertainty                                      50.00      50.00
  shift_reg_out_reg_29__8_/CLK (SC7P5T_DFFRQX1_AS_CSC20L)
                                                          0.00      50.00 r
  library hold time                                      13.32      63.32
  data required time                                                63.32
  --------------------------------------------------------------------------
  data required time                                                63.32
  data arrival time                                                -47.04
  --------------------------------------------------------------------------
  slack (VIOLATED)                                                 -16.27


1
